## This file declares layouts and their associated definition files.
## It has been automatically generated by configure
## Use "Tools/Reconfigure" if you need to update it after a
## configuration change. Run ./configure manually to update the
## system wide version of this file.
"AEA" "AEA" "American Economic Association (AEA)" "false" "AEA.cls,harvard.sty" "Articles"
"IEEEtran-CompSoc" "IEEEtran" "IEEE Transactions Computer Society" "false" "IEEEtran.cls" "Articles"
"IEEEtran-TransMag" "IEEEtran" "IEEE Transactions on Magnetics" "false" "IEEEtran.cls" "Articles"
"IEEEtran" "IEEEtran" "IEEE Transactions" "false" "IEEEtran.cls" "Articles"
"RJournal" "report" "R Journal" "false" "RJournal.sty" "Reports"
"a0poster" "a0poster" "A0 Poster" "true" "" "Posters"
"aapaper" "aa" "Astronomy & Astrophysics (V. 4, Obsolete)" "false" "aa.cls" "Articles"
"aastex" "aastex" "American Astronomical Society (AASTeX)" "false" "aastex.cls" "Articles"
"aa" "aa" "Astronomy & Astrophysics" "false" "aa.cls" "Articles"
"achemso" "achemso" "American Chemical Society (ACS)" "true" "" "Articles"
"acm-sigs-alt" "sig-alternate" "ACM SIGS ('Alternate' Style)" "false" "sig-alternate.cls" "Articles"
"acm-sigs" "acm_proc_article-sp" "ACM SIG Proceedings (SP)" "false" "acm_proc_article-sp.cls" "Articles"
"acmsiggraph" "acmsiggraph" "ACM SIGGRAPH" "false" "acmsiggraph.cls" "Articles"
"agu-dtd" "AGU-article" "American Geophysical Union (AGU, SGML Article)" "true" "" "Articles (DocBook)"
"agums" "aguplus" "American Geophysical Union (AGUPLUS Manuscript)" "false" "aguplus.cls,agums.sty" "Articles"
"agutex" "AGUTeX" "American Geophysical Union (AGUTeX)" "false" "AGUTeX.cls" "Articles"
"amsart" "amsart" "American Mathematical Society (AMS) Article" "true" "" "Articles"
"amsbook" "amsbook" "American Mathematical Society (AMS) Book" "true" "" "Books"
"apa6" "apa6" "American Psychological Association (APA), v. 6" "false" "apa6.cls,apacite.sty" "Articles"
"apa" "apa" "American Psychological Association (APA)" "false" "apa.cls,apacite.sty" "Articles"
"arab-article" "arabart" "Arabic Article" "false" "arabart.cls,arabrep.cls,altxext.sty,arabext.sty,arabtex.sty" "Articles"
"article-beamer" "article" "Beamer Article (Standard Class)" "true" "" "Articles"
"article" "article" "Article (Standard Class)" "true" "" "Articles"
"beamerposter" "beamer" "Beamerposter" "true" "" "Posters"
"beamer" "beamer" "Beamer" "true" "" "Presentations"
"book" "book" "Book (Standard Class)" "true" "" "Books"
"broadway" "broadway" "Broadway" "true" "" "Scripts"
"chess" "article" "Chess" "true" "" "Articles"
"cl2emult" "cl2emult" "Springer cl2emult" "false" "cl2emult.cls" "Articles"
"ctex-article" "ctexart" "Chinese Article (CTeX)" "false" "ctexart.cls" "Articles"
"ctex-book" "ctexbook" "Chinese Book (CTeX)" "false" "ctexbook.cls" "Books"
"ctex-report" "ctexrep" "Chinese Report (CTeX)" "false" "ctexrep.cls" "Reports"
"dinbrief" "dinbrief" "DIN-Brief" "true" "" "Letters"
"docbook-book" "book" "DocBook Book (SGML)" "true" "" "Books (DocBook)"
"docbook-chapter" "chapter" "DocBook Chapter (SGML)" "true" "" "Books (DocBook)"
"docbook-section" "section" "DocBook Section (SGML)" "true" "" "Books (DocBook)"
"docbook" "article" "DocBook Article (SGML)" "true" "" "Articles (DocBook)"
"doublecol-new" "doublecol-new" "Inderscience A4 Journals" "false" "doublecol-new.cls" "Articles"
"dtk" "dtk" "Die TeXnische Komoedie" "false" "dtklogos.sty" "Articles"
"ectaart" "ectaart" "Econometrica" "false" "ectaart.cls" "Articles"
"egs" "egs" "European Geophysical Society (EGS)" "false" "egs.cls" "Articles"
"elsarticle" "elsarticle" "Elsevier" "false" "elsarticle.cls" "Articles"
"elsart" "elsart" "Elsevier (Obsolete Version)" "false" "elsart.cls" "Articles"
"entcs" "entcs" "Electronic Notes in Theor. Comp. Sc. (ENTCS)" "false" "entcs.cls,entcsmacro.sty" "Articles"
"europecv" "europecv" "Europe CV" "true" "" "Curricula Vitae"
"extarticle" "extarticle" "Article (Standard Class with Extra Font Sizes)" "true" "" "Articles"
"extbook" "extbook" "Book (Standard Class with Extra Font Sizes)" "true" "" "Books"
"extletter" "extletter" "Letter (Standard Class with Extra Font Sizes)" "true" "" "Letters"
"extreport" "extreport" "Report (Standard Class with Extra Font Sizes)" "true" "" "Reports"
"foils" "foils" "FoilTeX" "false" "foils.cls" "Presentations"
"frletter" "frletter" "French Letter (frletter)" "false" "frletter.cls" "Letters"
"g-brief2" "g-brief2" "G-Brief (V. 2)" "true" "" "Letters"
"g-brief" "g-brief" "G-Brief (V. 1, Obsolete)" "true" "" "Letters"
"heb-article" "article" "Hebrew Article" "true" "" "Articles"
"heb-letter" "letter" "Hebrew Letter" "true" "" "Letters"
"hollywood" "hollywood" "Hollywood" "true" "" "Scripts"
"ijmpc" "ws-ijmpc" "Int. Journal of Modern Physics C" "false" "ws-ijmpc.cls" "Articles"
"ijmpd" "ws-ijmpd" "Int. Journal of Modern Physics D" "false" "ws-ijmpd.cls" "Articles"
"iopart" "iopart" "Institute of Physics (IOP)" "false" "iopart.cls,iopams.sty,setstack.sty" "Articles"
"isprs" "isprs" "Int. Society f. Photogrammetry and Remote Sensing (ISPRS)" "false" "isprs.cls" "Articles"
"jarticle" "jarticle" "Japanese Article (jarticle)" "false" "jarticle.cls" "Articles"
"jasatex" "jasatex" "Journal of the Acoustical Society of America (JASA)" "false" "jasatex.cls" "Articles"
"jbook" "jbook" "Japanese Book (jbook)" "false" "jbook.cls" "Books"
"jgrga" "aguplus" "American Geophysical Union (AGUPLUS JGR)" "false" "aguplus.cls,jgrga.sty" "Articles"
"jreport" "jreport" "Japanese Report (jreport)" "false" "jreport.cls" "Reports"
"jsarticle" "jsarticle" "Japanese Article (jsarticle)" "false" "jsarticle.cls" "Articles"
"jsbook" "jsbook" "Japanese Book (jsbook)" "false" "jsbook.cls" "Books"
"jss" "jss" "Journal of Statistical Software (JSS)" "false" "jss.cls" "Articles"
"kluwer" "kluwer" "Kluwer" "false" "kluwer.cls" "Articles"
"latex8" "article" "Latex8 Article (Obsolete)" "false" "latex8.sty" "Articles"
"letter" "letter" "Letter (Standard Class)" "true" "" "Letters"
"lettre" "lettre" "French Letter (lettre)" "true" "" "Letters"
"llncs" "llncs" "Lecture Notes in Comp. Science (LNCS)" "false" "llncs.cls" "Articles"
"ltugboat" "ltugboat" "TUGboat" "false" "ltugboat.cls" "Articles"
"memoir" "memoir" "Memoir" "true" "" "Books"
"moderncv" "moderncv" "Modern CV" "true" "" "Curricula Vitae"
"mwart" "mwart" "Polish Article (MW Bundle)" "false" "mwart.cls" "Articles"
"mwbk" "mwbk" "Polish Book (MW Bundle)" "false" "mwbk.cls" "Books"
"mwrep" "mwrep" "Polish Report (MW Bundle)" "false" "mwrep.cls" "Reports"
"paper" "paper" "Paper (Standard Class)" "true" "" "Articles"
"powerdot" "powerdot" "Powerdot" "true" "" "Presentations"
"recipebook" "scrbook" "Recipe Book" "true" "" "Books"
"report" "report" "Report (Standard Class)" "true" "" "Reports"
"revtex4-1" "revtex4-1" "REVTeX (V. 4.1)" "false" "revtex4-1.cls,revsymb4-1.sty" "Articles"
"revtex4" "revtex4" "REVTeX (V. 4)" "false" "revtex4.cls,revsymb.sty" "Articles"
"revtex" "revtex" "REVTeX (Obsolete Version)" "false" "revtex.sty" "Articles"
"sciposter" "sciposter" "SciPoster" "true" "" "Posters"
"scrartcl" "scrartcl" "KOMA-Script Article" "true" "" "Articles"
"scrarticle-beamer" "scrartcl" "Beamer Article (KOMA-Script)" "true" "" "Articles"
"scrbook" "scrbook" "KOMA-Script Book" "true" "" "Books"
"scrlettr" "scrlettr" "KOMA-Script Letter (V. 1, Obsolete)" "false" "scrlettr.cls" "Letters"
"scrlttr2" "scrlttr2" "KOMA-Script Letter (V. 2)" "true" "" "Letters"
"scrreprt" "scrreprt" "KOMA-Script Report" "true" "" "Reports"
"seminar" "seminar" "Seminar" "true" "" "Presentations"
"siamltex" "siamltex" "Society for Industrial and Applied Mathematics (SIAM)" "false" "siamltex.cls" "Articles"
"sigplanconf" "sigplanconf" "ACM SIGPLAN" "false" "sigplanconf.cls" "Articles"
"simplecv" "simplecv" "Simple CV" "true" "" "Curricula Vitae"
"singlecol-new" "singlecol-new" "Inderscience 9.5 x 6.5 Journals" "false" "singlecol-new.cls" "Articles"
"singlecol" "singlecol" "Inderscience Journals (Obsolete Version)" "false" "singlecol.cls" "Articles"
"slides" "slides" "Slides" "true" "" "Presentations"
"spie" "spie" "SPIE Proceedings" "false" "spie.cls" "Articles"
"svglobal3" "svjour3" "Springer SV Global (V. 3)" "false" "svjour3.cls,svglov3.clo" "Articles"
"svglobal" "svjour" "Springer SV Global (Obsolete Version)" "false" "svjour.cls,svglobal.clo" "Articles"
"svjog" "svjour" "Springer SV Jour/Jog" "false" "svjour.cls,svjog.clo" "Articles"
"svmono" "svmono" "Springer SV Mono" "false" "svmono.cls" "Books"
"svmult" "svmult" "Springer SV Mult" "false" "svmult.cls" "Books"
"svprobth" "svjour" "Springer SV Jour/PTRF" "false" "svjour.cls,svprobth.clo" "Articles"
"tarticle" "tarticle" "Japanese Article (Vertical Writing)" "false" "tarticle.cls,plext.sty" "Articles"
"tbook" "tbook" "Japanese Book (Vertical Writing)" "false" "tbook.cls,plext.sty" "Books"
"treport" "treport" "Japanese Report (Vertical Writing)" "false" "treport.cls,plext.sty" "Reports"
"tufte-book" "tufte-book" "Tufte Book" "true" "" "Books"
"tufte-handout" "tufte-handout" "Tufte Handout" "true" "" "Handouts"
